00:46:26.596 [INFO] Log file initialized: ux0:data/VitaSuwayomi/vitasuwayomi.log
00:46:27.178 [INFO] DownloadsManager: Initializing...
00:46:27.187 [DEBUG] DownloadsManager: Loading state (5022 bytes)
00:46:27.193 [DEBUG] DownloadsManager: Loaded manga 622 with 2 chapters
00:46:27.193 [INFO] DownloadsManager: State loaded with 1 downloads
00:46:27.194 [INFO] DownloadsManager: Validating downloaded files...
00:46:27.223 [INFO] DownloadsManager: Validation complete - 34 pages valid, 0 pages missing
00:46:27.224 [INFO] DownloadsManager: Initialized with 1 downloads
00:46:27.229 [INFO] VitaSuwayomi 1.0.0 initializing...
00:46:27.236 [INFO] Data directory ready: ux0:data/VitaSuwayomi
00:46:27.244 [INFO] Loading saved settings...
00:46:27.253 [DEBUG] loadSettings: Opening ux0:data/VitaSuwayomi/settings.json
00:46:27.270 [DEBUG] loadSettings: Read 2586 bytes
00:46:27.281 [INFO] loadSettings: serverUrl=Http://192.168.1.28:4568
00:46:27.292 [DEBUG] Loaded 4 hidden categories
00:46:27.302 [INFO] loadSettings: downloadMode = 2 (0=Server, 1=Local, 2=Both)
00:46:27.307 [INFO] loadSettings: downloadQuality = 0 (0=Original, 1=High, 2=Medium, 3=Low)
00:46:27.313 [INFO] loadSettings: enabledSourceLanguages count = 2
00:46:27.322 [INFO] loadSettings: localUrl=Http://192.168.1.28:4568, remoteUrl=https://breezy-book.duckdns.org, useRemote=false, autoSwitch=true
00:46:27.331 [INFO] loadSettings: libraryDisplayMode=0, libraryGridSize=1, listRowSize=1, defaultSort=0, groupMode=0
00:46:27.341 [DEBUG] Loaded 2 per-category sort modes
00:46:27.353 [DEBUG] Loaded 1 search history entries
00:46:27.364 [DEBUG] Loaded 1 per-manga reader settings
00:46:27.372 [INFO] Restored auth credentials for user: Breezyslasher
00:46:27.377 [INFO] Restored auth tokens
00:46:27.383 [INFO] Settings loaded successfully
00:46:27.392 [INFO] Settings load result: success
00:46:27.401 [INFO] Applied theme: Dark
00:46:27.411 [INFO] Debug logging disabled
00:46:31.409 [INFO] LibraryCache: Initialized at ux0:data/VitaSuwayomi/cache
00:46:31.423 [INFO] Application::run - isConnected=false, serverUrl=Http://192.168.1.28:4568
00:46:31.434 [INFO] LoginActivity: building login UI programmatically
00:46:31.518 [INFO] Restoring saved connection (async)...
00:46:31.523 [INFO] Attempting to refresh JWT tokens...
00:46:35.334 [INFO] LoginActivity: Connect pressed
00:46:35.344 [INFO] Connecting to Suwayomi server: Http://192.168.1.28:4568
00:46:35.352 [INFO] Fetching server info via GraphQL...
00:46:47.029 [ERROR] Token refresh failed: Exception while fetching data (/refreshToken) : The Token's Signature resulted invalid when verified using the Algorithm: HmacSHA256\r\n\r\ncom.auth0.jwt.exceptions.SignatureVerificationException: The Token's Signature resulted invalid when verified using the Algorithm: HmacSHA256\n\tat com.auth0.jwt.algorithms.HMACAlgorithm.verify(HMACAlgorithm.java:57)\n\tat com.auth0.jwt.JWTVerifier.verify(JWTVerifier.java:470)\n\tat com.auth0.jwt.JWTVerifier.verify(JWTVerifier.java:452)\n\tat suwayomi.tachidesk.global.impl.util.Jwt.refreshJwt(Jwt.kt:78)\n\tat suwayomi.tachidesk.graphql.mutations.UserMutation.refreshToken(UserMutation.kt:57)\n\tat java.base/jdk.internal.reflect.DirectMethodHandleAccessor.invoke(Unknown Source)\n\tat java.base/java.lang.reflect.Method.invoke(Unknown Source)\n\tat kotlin.reflect.jvm.internal.calls.CallerImpl$Method.callMethod(CallerImpl.kt:97)\n\tat kotlin.reflect.jvm.internal.calls.CallerImpl$Method$Instance.call(CallerImpl.kt:113)\n\tat kotlin.reflect.jvm.internal.DescriptorKCallable.callDefaultMethod(DescriptorKCallable.kt:240)\n\tat kotlin.reflect.jvm.internal.DescriptorKCallable.callBy(DescriptorKCallable.kt:145)\n\tat com.expediagroup.graphql.generator.execution.FunctionDataFetcher.runBlockingFunction(FunctionDataFetcher.kt:127)\n\tat com.expediagroup.graphql.generator.execution.FunctionDataFetcher.get(FunctionDataFetcher.kt:63)\n\tat graphql.execution.ExecutionStrategy.invokeDataFetcher(ExecutionStrategy.java:533)\n\tat graphql.execution.ExecutionStrategy.fetchField(ExecutionStrategy.java:497)\n\tat graphql.execution.ExecutionStrategy.fetchField(ExecutionStrategy.java:438)\n\tat graphql.execution.ExecutionStrategy.resolveFieldWithInfo(ExecutionStrategy.java:397)\n\tat graphql.execution.ExecutionStrategy.getAsyncFieldValueInfo(ExecutionStrategy.java:335)\n\tat graphql.execution.AsyncExecutionStrategy.execute(AsyncExecutionStrategy.java:57)\n\tat graphql.execution.Execution.executeOperation(Execution.java:181)\n\tat graphql.execution.Execution.execute(Execution.java:117)\n\tat graphql.GraphQL.execute(GraphQL.java:546)\n\tat graphql.GraphQL.lambda$parseValidateAndExecute$13(GraphQL.java:476)\n\tat java.base/java.util.concurrent.CompletableFuture.uniComposeStage(Unknown Source)\n\tat java.base/java.util.concurrent.CompletableFuture.thenCompose(Unknown Source)\n\tat graphql.GraphQL.parseValidateAndExecute(GraphQL.java:471)\n\tat graphql.GraphQL.lambda$executeAsync$9(GraphQL.java:429)\n\tat java.base/java.util.concurrent.CompletableFuture.uniComposeStage(Unknown Source)\n\tat java.base/java.util.concurrent.CompletableFuture.thenCompose(Unknown Source)\n\tat graphql.GraphQL.executeAsync(GraphQL.java:418)\n\tat com.expediagroup.graphql.server.execution.GraphQLRequestHandler.execute(GraphQLRequestHandler.kt:103)\n\tat com.expediagroup.graphql.server.execution.GraphQLRequestHandler.executeRequest$suspendImpl(GraphQLRequestHandler.kt:82)\n\tat com.expediagroup.graphql.server.execution.GraphQLRequestHandler.executeRequest(GraphQLRequestHandler.kt)\n\tat com.expediagroup.graphql.server.execution.GraphQLServer$execute$2.invokeSuspend(GraphQLServer.kt:62)\n\tat com.expediagroup.graphql.server.execution.GraphQLServer$execute$2.invoke(GraphQLServer.kt)\n\tat com.expediagroup.graphql.server.execution.GraphQLServer$execute$2.invoke(GraphQLServer.kt)\n\tat kotlinx.coroutines.intrinsics.UndispatchedKt.startUndspatched(Undispatched.kt:66)\n\tat kotlinx.coroutines.intrinsics.UndispatchedKt.startUndispatchedOrReturn(Undispatched.kt:43)\n\tat kotlinx.coroutines.CoroutineScopeKt.coroutineScope(CoroutineScope.kt:286)\n\tat com.expediagroup.graphql.server.execution.GraphQLServer.execute$suspendImpl(GraphQLServer.kt:49)\n\tat com.expediagroup.graphql.server.execution.GraphQLServer.execute(GraphQLServer.kt)\n\tat suwayomi.tachidesk.graphql.controller.GraphQLController$execute$1$1.invokeSuspend(GraphQLController.kt:26)\n\tat kotlin.coroutines.jvm.internal.BaseContinuationImpl.resumeWith(ContinuationImpl.kt:34)\n\tat kotlinx.coroutines.DispatchedTask.run(DispatchedTask.kt:100)\n\tat kotlinx.coroutines.internal.LimitedDispatcher$Worker.run(LimitedDispatcher.kt:124)\n\tat kotlinx.coroutines.scheduling.TaskImpl.run(Tasks.kt:89)\n\tat kotlinx.coroutines.scheduling.CoroutineScheduler.runSafely(CoroutineScheduler.kt:586)\n\tat kotlinx.coroutines.scheduling.CoroutineScheduler$Worker.executeTask(CoroutineScheduler.kt:820)\n\tat kotlinx.coroutines.scheduling.CoroutineScheduler$Worker.runWorker(CoroutineScheduler.kt:717)\n\tat kotlinx.coroutines.scheduling.CoroutineScheduler$Worker.run(CoroutineScheduler.kt:704)\n
00:46:47.079 [WARNING] Token refresh failed via GraphQL
00:46:47.088 [INFO] Attempting re-login with stored credentials...
00:46:47.648 [ERROR] Login failed: Exception while fetching data (/login) : Cannot login while already logged-in\r\n\r\njava.lang.IllegalArgumentException: Cannot login while already logged-in\n\tat suwayomi.tachidesk.graphql.mutations.UserMutation.login(UserMutation.kt:29)\n\tat java.base/jdk.internal.reflect.DirectMethodHandleAccessor.invoke(Unknown Source)\n\tat java.base/java.lang.reflect.Method.invoke(Unknown Source)\n\tat kotlin.reflect.jvm.internal.calls.CallerImpl$Method.callMethod(CallerImpl.kt:97)\n\tat kotlin.reflect.jvm.internal.calls.CallerImpl$Method$Instance.call(CallerImpl.kt:113)\n\tat kotlin.reflect.jvm.internal.DescriptorKCallable.callDefaultMethod(DescriptorKCallable.kt:240)\n\tat kotlin.reflect.jvm.internal.DescriptorKCallable.callBy(DescriptorKCallable.kt:145)\n\tat com.expediagroup.graphql.generator.execution.FunctionDataFetcher.runBlockingFunction(FunctionDataFetcher.kt:127)\n\tat com.expediagroup.graphql.generator.execution.FunctionDataFetcher.get(FunctionDataFetcher.kt:63)\n\tat graphql.execution.ExecutionStrategy.invokeDataFetcher(ExecutionStrategy.java:533)\n\tat graphql.execution.ExecutionStrategy.fetchField(ExecutionStrategy.java:497)\n\tat graphql.execution.ExecutionStrategy.fetchField(ExecutionStrategy.java:438)\n\tat graphql.execution.ExecutionStrategy.resolveFieldWithInfo(ExecutionStrategy.java:397)\n\tat graphql.execution.ExecutionStrategy.getAsyncFieldValueInfo(ExecutionStrategy.java:335)\n\tat graphql.execution.AsyncExecutionStrategy.execute(AsyncExecutionStrategy.java:57)\n\tat graphql.execution.Execution.executeOperation(Execution.java:181)\n\tat graphql.execution.Execution.execute(Execution.java:117)\n\tat graphql.GraphQL.execute(GraphQL.java:546)\n\tat graphql.GraphQL.lambda$parseValidateAndExecute$13(GraphQL.java:476)\n\tat java.base/java.util.concurrent.CompletableFuture.uniComposeStage(Unknown Source)\n\tat java.base/java.util.concurrent.CompletableFuture.thenCompose(Unknown Source)\n\tat graphql.GraphQL.parseValidateAndExecute(GraphQL.java:471)\n\tat graphql.GraphQL.lambda$executeAsync$9(GraphQL.java:429)\n\tat java.base/java.util.concurrent.CompletableFuture.uniComposeStage(Unknown Source)\n\tat java.base/java.util.concurrent.CompletableFuture.thenCompose(Unknown Source)\n\tat graphql.GraphQL.executeAsync(GraphQL.java:418)\n\tat com.expediagroup.graphql.server.execution.GraphQLRequestHandler.execute(GraphQLRequestHandler.kt:103)\n\tat com.expediagroup.graphql.server.execution.GraphQLRequestHandler.executeRequest$suspendImpl(GraphQLRequestHandler.kt:82)\n\tat com.expediagroup.graphql.server.execution.GraphQLRequestHandler.executeRequest(GraphQLRequestHandler.kt)\n\tat com.expediagroup.graphql.server.execution.GraphQLServer$execute$2.invokeSuspend(GraphQLServer.kt:62)\n\tat com.expediagroup.graphql.server.execution.GraphQLServer$execute$2.invoke(GraphQLServer.kt)\n\tat com.expediagroup.graphql.server.execution.GraphQLServer$execute$2.invoke(GraphQLServer.kt)\n\tat kotlinx.coroutines.intrinsics.UndispatchedKt.startUndspatched(Undispatched.kt:66)\n\tat kotlinx.coroutines.intrinsics.UndispatchedKt.startUndispatchedOrReturn(Undispatched.kt:43)\n\tat kotlinx.coroutines.CoroutineScopeKt.coroutineScope(CoroutineScope.kt:286)\n\tat com.expediagroup.graphql.server.execution.GraphQLServer.execute$suspendImpl(GraphQLServer.kt:49)\n\tat com.expediagroup.graphql.server.execution.GraphQLServer.execute(GraphQLServer.kt)\n\tat suwayomi.tachidesk.graphql.controller.GraphQLController$execute$1$1.invokeSuspend(GraphQLController.kt:26)\n\tat kotlin.coroutines.jvm.internal.BaseContinuationImpl.resumeWith(ContinuationImpl.kt:34)\n\tat kotlinx.coroutines.DispatchedTask.run(DispatchedTask.kt:100)\n\tat kotlinx.coroutines.internal.LimitedDispatcher$Worker.run(LimitedDispatcher.kt:124)\n\tat kotlinx.coroutines.scheduling.TaskImpl.run(Tasks.kt:89)\n\tat kotlinx.coroutines.scheduling.CoroutineScheduler.runSafely(CoroutineScheduler.kt:586)\n\tat kotlinx.coroutines.scheduling.CoroutineScheduler$Worker.executeTask(CoroutineScheduler.kt:820)\n\tat kotlinx.coroutines.scheduling.CoroutineScheduler$Worker.runWorker(CoroutineScheduler.kt:717)\n\tat kotlinx.coroutines.scheduling.CoroutineScheduler$Worker.run(CoroutineScheduler.kt:704)\n
00:46:47.698 [ERROR] Re-login with stored credentials also failed
00:46:47.710 [WARNING] Token refresh failed, clearing stale tokens for basic auth fallback
00:46:47.722 [INFO] Fetching server info via GraphQL...
00:46:47.846 [INFO] Server (GraphQL): Suwayomi-Server vv2.1.2087
00:46:47.855 [INFO] Server reachable, validating auth with protected query...
00:46:47.870 [INFO] Server (GraphQL): Suwayomi-Server vv2.1.2087
00:46:47.882 [INFO] Connected to Suwayomi v2.1.2087 ()
00:46:47.891 [INFO] Checking if server requires authentication...
00:46:47.921 [INFO] validateAuthWithProtectedQuery: auth validated successfully
00:46:47.930 [INFO] Auth validated with protected query
00:46:47.939 [INFO] Connection restored successfully
00:46:47.949 [INFO] Server does not require authentication (protected query succeeded)
00:46:47.959 [INFO] Server does not require auth
00:46:47.964 [INFO] Syncing offline reading progress to server...
00:46:47.975 [INFO] pushMainActivity: creating MainActivity...
00:46:47.985 [INFO] pushMainActivity: pushing activity...
00:46:47.996 [INFO] MainActivity::createContentView - loading XML
00:46:48.014 [WARNING] GraphQL errors: [{"message":"Collection is empty."}]
00:46:48.023 [INFO] GraphQL failed for chapter progress, trying REST...
00:46:48.032 [INFO] MainActivity::createContentView - XML loaded, view=valid
00:46:48.049 [INFO] DownloadsManager: Synced 0 chapter progress, marked 0 as read
00:46:48.123 [INFO] MainActivity: Tabs created, isOnline=true
00:46:48.298 [INFO] RecyclingGrid: Grid size set to 6 columns, cell 143x200
00:46:48.322 [INFO] GraphQL: Fetching categories + manga for category 0 in single request
00:46:48.336 [INFO] pushMainActivity: done
00:46:48.361 [INFO] saveSettings: Saving to ux0:data/VitaSuwayomi/settings.json
00:46:48.384 [INFO] Settings saved successfully (2030 bytes)
00:46:48.400 [INFO] Offline reading progress synced to server
00:46:48.416 [INFO] pushMainActivity: creating MainActivity...
00:46:48.421 [INFO] pushMainActivity: pushing activity...
00:46:48.423 [INFO] LibrarySectionTab: Combined query got 1 categories + 0 manga
00:46:48.431 [INFO] MainActivity::createContentView - loading XML
00:46:48.471 [INFO] MainActivity::createContentView - XML loaded, view=valid
00:46:48.560 [INFO] MainActivity: Tabs created, isOnline=true
00:46:48.685 [INFO] RecyclingGrid: Grid size set to 6 columns, cell 143x200
00:46:48.767 [INFO] LibrarySectionTab: Loaded 1 categories from cache
00:46:48.802 [INFO] GraphQL: Fetching manga for category 0 with filter
00:46:48.803 [INFO] GraphQL: Fetching categories + manga for category 0 in single request
00:46:48.818 [INFO] pushMainActivity: done
00:46:48.834 [INFO] LoginActivity: MainActivity push requested
00:46:48.891 [INFO] LibrarySectionTab: Skipping redundant fetch for category 0 (combined query in progress)
00:46:48.904 [INFO] GraphQL: Filter returned 0 for default category, trying fallback...
00:46:48.905 [INFO] LibrarySectionTab: Combined query got 1 categories + 0 manga
00:46:48.973 [INFO] GraphQL fallback: Fetched 0 manga for category 0
00:46:48.984 [INFO] LibrarySectionTab: Got 0 manga for category 0 from server
00:46:49.063 [INFO] LibrarySectionTab: Skipping redundant fetch for category 0 (combined query in progress)
00:46:51.856 [INFO] GraphQL: Fetching manga for category 0 with filter
00:46:51.895 [INFO] GraphQL: Filter returned 0 for default category, trying fallback...
00:46:51.921 [INFO] GraphQL fallback: Fetched 0 manga for category 0
00:46:51.931 [INFO] LibrarySectionTab: Got 0 manga for category 0 from server
00:46:53.787 [INFO] RecyclingGrid: Grid size set to 6 columns, cell 143x200
00:46:53.807 [INFO] LibrarySectionTab: Loaded 1 categories from cache
00:46:53.846 [INFO] GraphQL: Fetching manga for category 0 with filter
00:46:53.846 [INFO] GraphQL: Fetching categories + manga for category 0 in single request
00:46:53.922 [INFO] GraphQL: Filter returned 0 for default category, trying fallback...
00:46:53.944 [INFO] LibrarySectionTab: Combined query got 1 categories + 0 manga
00:46:53.955 [INFO] GraphQL fallback: Fetched 0 manga for category 0
00:46:53.974 [INFO] LibrarySectionTab: Got 0 manga for category 0 from server
00:46:54.068 [INFO] LibrarySectionTab: Skipping redundant fetch for category 0 (combined query in progress)
00:55:41.781 [INFO] RecyclingGrid: Grid size set to 6 columns, cell 143x200
00:55:41.805 [INFO] LibrarySectionTab: Loaded 1 categories from cache
00:55:41.847 [INFO] GraphQL: Fetching manga for category 0 with filter
00:55:41.847 [INFO] GraphQL: Fetching categories + manga for category 0 in single request
00:55:42.039 [INFO] GraphQL: Filter returned 0 for default category, trying fallback...
00:55:42.089 [INFO] GraphQL fallback: Fetched 0 manga for category 0
00:55:42.101 [INFO] LibrarySectionTab: Got 0 manga for category 0 from server
00:55:42.104 [INFO] LibrarySectionTab: Combined query got 13 categories + 0 manga
00:55:44.920 [INFO] LibrarySectionTab: Loaded 4 manga from cache for category 1
00:55:44.930 [INFO] RecyclingGrid: Building 1 rows for 4 items (first 1 immediate)
00:55:44.956 [INFO] GraphQL: Fetching manga for category 1 with filter
00:55:45.075 [INFO] GraphQL: Fetched 16 manga for category 1 (filter method)
00:55:45.087 [INFO] LibrarySectionTab: Got 16 manga for category 1 from server
00:55:45.119 [INFO] RecyclingGrid: Building 3 rows for 16 items (first 2 immediate)
00:55:45.211 [INFO] RecyclingGrid: Incremental build complete - 16 cells in 3 rows
00:56:06.624 [INFO] MangaDetailView: Creating for 'Love Letter From The Future' id=900
00:56:07.123 [INFO] ImageLoader: Starting 3 worker threads
00:56:07.203 [INFO] MangaDetailView: Got 40 chapters
00:56:07.206 [INFO] GraphQL: Fetched 0 track records for manga 900
00:56:07.589 [INFO] ImageLoader: WebP BGRA decode OK 193x278->124x180
00:56:07.602 [INFO] ImageLoader: Decode OK (89298 bytes TGA) for Http://192.168.1.28:4568/api/v1/manga/900/thumbnail
00:56:07.642 [INFO] ImageLoader: Queued texture for Http://192.168.1.28:4568/api/v1/manga/900/thumbnail
00:56:10.501 [INFO] LibrarySectionTab: Loaded 1 manga from cache for category 2
00:56:10.514 [INFO] RecyclingGrid: Building 1 rows for 1 items (first 1 immediate)
00:56:10.534 [INFO] GraphQL: Fetching manga for category 2 with filter
00:56:10.670 [INFO] GraphQL: Fetched 4 manga for category 2 (filter method)
00:56:10.680 [INFO] LibrarySectionTab: Got 4 manga for category 2 from server
00:56:10.710 [INFO] RecyclingGrid: Building 1 rows for 4 items (first 1 immediate)
00:56:12.030 [INFO] LibrarySectionTab: Loaded 82 manga from cache for category 3
00:56:12.049 [INFO] RecyclingGrid: Building 14 rows for 82 items (first 2 immediate)
00:56:12.115 [INFO] GraphQL: Fetching manga for category 3 with filter
00:56:12.540 [INFO] RecyclingGrid: Incremental build complete - 82 cells in 14 rows
00:56:12.611 [INFO] GraphQL: Fetched 97 manga for category 3 (filter method)
00:56:12.623 [INFO] LibrarySectionTab: Got 97 manga for category 3 from server
00:56:12.701 [INFO] RecyclingGrid: Building 17 rows for 97 items (first 2 immediate)
00:56:13.349 [INFO] RecyclingGrid: Incremental build complete - 97 cells in 17 rows
00:56:24.675 [INFO] LibrarySectionTab: Loaded 4 manga from cache for category 2
00:56:24.692 [INFO] RecyclingGrid: Building 1 rows for 4 items (first 1 immediate)
00:56:24.717 [INFO] GraphQL: Fetching manga for category 2 with filter
00:56:24.855 [INFO] GraphQL: Fetched 4 manga for category 2 (filter method)
00:56:24.867 [INFO] LibrarySectionTab: Got 4 manga for category 2 from server
00:56:26.091 [INFO] LibrarySectionTab: Loaded 97 manga from cache for category 3
00:56:26.113 [INFO] RecyclingGrid: Building 17 rows for 97 items (first 2 immediate)
00:56:26.180 [INFO] GraphQL: Fetching manga for category 3 with filter
00:56:26.722 [INFO] RecyclingGrid: Incremental build complete - 97 cells in 17 rows
00:56:27.772 [INFO] GraphQL: Fetched 97 manga for category 3 (filter method)
00:56:27.784 [INFO] LibrarySectionTab: Got 97 manga for category 3 from server
00:56:52.219 [INFO] LibrarySectionTab: Loaded 4 manga from cache for category 2
00:56:52.232 [INFO] RecyclingGrid: Building 1 rows for 4 items (first 1 immediate)
00:56:52.261 [INFO] GraphQL: Fetching manga for category 2 with filter
00:56:52.440 [INFO] GraphQL: Fetched 4 manga for category 2 (filter method)
00:56:52.446 [INFO] LibrarySectionTab: Got 4 manga for category 2 from server
00:56:53.616 [INFO] LibrarySectionTab: Loaded 97 manga from cache for category 3
00:56:53.641 [INFO] RecyclingGrid: Building 17 rows for 97 items (first 2 immediate)
00:56:53.704 [INFO] GraphQL: Fetching manga for category 3 with filter
00:56:54.125 [INFO] GraphQL: Fetched 97 manga for category 3 (filter method)
00:56:54.137 [INFO] LibrarySectionTab: Got 97 manga for category 3 from server
00:56:54.254 [INFO] RecyclingGrid: Incremental build complete - 97 cells in 17 rows
00:57:13.623 [INFO] LibrarySectionTab: Loaded 4 manga from cache for category 2
00:57:13.639 [INFO] RecyclingGrid: Building 1 rows for 4 items (first 1 immediate)
00:57:13.669 [INFO] GraphQL: Fetching manga for category 2 with filter
00:57:13.727 [INFO] GraphQL: Fetched 4 manga for category 2 (filter method)
00:57:13.737 [INFO] LibrarySectionTab: Got 4 manga for category 2 from server
00:57:14.871 [INFO] LibrarySectionTab: Loaded 97 manga from cache for category 3
00:57:14.893 [INFO] RecyclingGrid: Building 17 rows for 97 items (first 2 immediate)
00:57:14.959 [INFO] GraphQL: Fetching manga for category 3 with filter
00:57:15.504 [INFO] RecyclingGrid: Incremental build complete - 97 cells in 17 rows
00:57:15.664 [INFO] GraphQL: Fetched 97 manga for category 3 (filter method)
00:57:15.675 [INFO] LibrarySectionTab: Got 97 manga for category 3 from server
00:57:47.040 [INFO] saveSettings: Saving to ux0:data/VitaSuwayomi/settings.json
00:57:47.069 [INFO] Settings saved successfully (2030 bytes)
00:57:50.435 [INFO] RecyclingGrid: Building 78 rows for 465 items (first 2 immediate)
00:57:54.532 [INFO] RecyclingGrid: Incremental build complete - 465 cells in 78 rows
00:58:34.888 [INFO] HistoryTab: Displayed 20 history items
00:58:35.055 [INFO] ImageLoader: Decode OK (90018 bytes TGA) for Http://192.168.1.28:4568/api/v1/manga/936/thumbnail
00:58:35.090 [INFO] ImageLoader: Queued texture for Http://192.168.1.28:4568/api/v1/manga/936/thumbnail
00:58:35.341 [INFO] ImageLoader: Decode OK (113778 bytes TGA) for Http://192.168.1.28:4568/api/v1/manga/863/thumbnail
00:58:35.384 [INFO] ImageLoader: Queued texture for Http://192.168.1.28:4568/api/v1/manga/863/thumbnail
00:58:35.419 [INFO] ImageLoader: WebP BGRA decode OK 193x278->124x180
00:58:35.431 [INFO] ImageLoader: Decode OK (89298 bytes TGA) for Http://192.168.1.28:4568/api/v1/manga/598/thumbnail
00:58:35.461 [INFO] ImageLoader: Queued texture for Http://192.168.1.28:4568/api/v1/manga/598/thumbnail
00:58:35.836 [INFO] ImageLoader: WebP BGRA decode OK 250x350->128x180
00:58:35.846 [INFO] ImageLoader: Decode OK (92178 bytes TGA) for Http://192.168.1.28:4568/api/v1/manga/544/thumbnail
00:58:35.881 [INFO] ImageLoader: Queued texture for Http://192.168.1.28:4568/api/v1/manga/544/thumbnail
00:58:36.138 [INFO] ImageLoader: Decode OK (113778 bytes TGA) for Http://192.168.1.28:4568/api/v1/manga/863/thumbnail
00:58:36.179 [INFO] ImageLoader: Queued texture for Http://192.168.1.28:4568/api/v1/manga/863/thumbnail
00:58:36.520 [INFO] ImageLoader: Decode OK (92178 bytes TGA) for Http://192.168.1.28:4568/api/v1/manga/582/thumbnail
00:58:36.563 [INFO] ImageLoader: Queued texture for Http://192.168.1.28:4568/api/v1/manga/582/thumbnail
00:58:36.690 [INFO] ImageLoader: Decode OK (89298 bytes TGA) for Http://192.168.1.28:4568/api/v1/manga/644/thumbnail
00:58:36.770 [INFO] ImageLoader: Queued texture for Http://192.168.1.28:4568/api/v1/manga/644/thumbnail
00:58:37.646 [INFO] ImageLoader: WebP BGRA decode OK 2000x2857->126x180
00:58:37.659 [INFO] ImageLoader: Decode OK (90738 bytes TGA) for Http://192.168.1.28:4568/api/v1/manga/628/thumbnail
00:58:37.698 [INFO] ImageLoader: Queued texture for Http://192.168.1.28:4568/api/v1/manga/628/thumbnail
00:58:37.830 [INFO] ImageLoader: Decode OK (89298 bytes TGA) for Http://192.168.1.28:4568/api/v1/manga/644/thumbnail
00:58:37.907 [INFO] ImageLoader: Queued texture for Http://192.168.1.28:4568/api/v1/manga/644/thumbnail
00:58:38.016 [INFO] ImageLoader: Decode OK (89298 bytes TGA) for Http://192.168.1.28:4568/api/v1/manga/652/thumbnail
00:58:38.107 [INFO] ImageLoader: Queued texture for Http://192.168.1.28:4568/api/v1/manga/652/thumbnail
00:58:40.451 [INFO] ImageLoader: Decode OK (92898 bytes TGA) for Http://192.168.1.28:4568/api/v1/manga/630/thumbnail
00:58:40.473 [INFO] HistoryTab: Appended 20 items, now have 40 total
00:58:40.501 [INFO] HistoryTab: Now have 40 history items
00:58:40.509 [INFO] ImageLoader: Queued texture for Http://192.168.1.28:4568/api/v1/manga/630/thumbnail
00:58:40.610 [INFO] ImageLoader: Decode OK (89298 bytes TGA) for Http://192.168.1.28:4568/api/v1/manga/904/thumbnail
00:58:40.652 [INFO] ImageLoader: Queued texture for Http://192.168.1.28:4568/api/v1/manga/904/thumbnail
00:58:40.751 [INFO] ImageLoader: Decode OK (89298 bytes TGA) for Http://192.168.1.28:4568/api/v1/manga/915/thumbnail
00:58:40.790 [INFO] ImageLoader: Queued texture for Http://192.168.1.28:4568/api/v1/manga/915/thumbnail
00:58:40.892 [INFO] ImageLoader: Decode OK (89298 bytes TGA) for Http://192.168.1.28:4568/api/v1/manga/915/thumbnail
00:58:40.932 [INFO] ImageLoader: Queued texture for Http://192.168.1.28:4568/api/v1/manga/915/thumbnail
00:58:42.007 [INFO] ImageLoader: WebP BGRA decode OK 2000x2898->124x180
00:58:42.016 [INFO] ImageLoader: Decode OK (89298 bytes TGA) for Http://192.168.1.28:4568/api/v1/manga/682/thumbnail
00:58:42.109 [INFO] ImageLoader: Queued texture for Http://192.168.1.28:4568/api/v1/manga/682/thumbnail
00:58:42.849 [INFO] RecyclingGrid: Grid size set to 6 columns, cell 143x200
00:58:42.893 [INFO] ImageLoader: WebP BGRA decode OK 2000x2861->125x180
00:58:42.905 [INFO] ImageLoader: Decode OK (90018 bytes TGA) for Http://192.168.1.28:4568/api/v1/manga/935/thumbnail
00:58:43.725 [INFO] ImageLoader: WebP BGRA decode OK 2000x2861->125x180
00:58:43.740 [INFO] ImageLoader: Decode OK (90018 bytes TGA) for Http://192.168.1.28:4568/api/v1/manga/935/thumbnail
00:58:44.566 [INFO] ImageLoader: WebP BGRA decode OK 2000x2861->125x180
00:58:44.589 [INFO] ImageLoader: Decode OK (90018 bytes TGA) for Http://192.168.1.28:4568/api/v1/manga/935/thumbnail
00:58:45.034 [INFO] RecyclingGrid: Building 78 rows for 465 items (first 2 immediate)
00:58:49.072 [INFO] RecyclingGrid: Incremental build complete - 465 cells in 78 rows
01:00:49.365 [INFO] RecyclingGrid: Grid size set to 6 columns, cell 143x200
01:00:51.526 [INFO] RecyclingGrid: Building 78 rows for 465 items (first 2 immediate)
01:00:55.567 [INFO] RecyclingGrid: Incremental build complete - 465 cells in 78 rows
01:01:27.422 [ERROR] Cannot set texture: 0
01:01:38.236 [INFO] saveSettings: Saving to ux0:data/VitaSuwayomi/settings.json
01:01:38.265 [INFO] Settings saved successfully (2029 bytes)
01:01:39.026 [INFO] RecyclingGrid: Grid size set to 6 columns, cell 143x200
01:01:41.285 [INFO] RecyclingGrid: Building 78 rows for 465 items (first 2 immediate)
01:01:45.467 [INFO] RecyclingGrid: Incremental build complete - 465 cells in 78 rows
