14:13:24.609 [INFO] Log file initialized: ux0:data/VitaSuwayomi/vitasuwayomi.log
14:13:25.195 [INFO] DownloadsManager: Initializing...
14:13:25.200 [DEBUG] DownloadsManager: Loading state (20 bytes)
14:13:25.201 [INFO] DownloadsManager: State loaded with 0 downloads
14:13:25.201 [INFO] DownloadsManager: Validating downloaded files...
14:13:25.201 [INFO] DownloadsManager: Validation complete - 0 pages valid, 0 pages missing
14:13:25.202 [INFO] DownloadsManager: Initialized with 0 downloads
14:13:25.202 [INFO] VitaSuwayomi 1.0.0 initializing...
14:13:25.210 [DEBUG] sceIoMkdir result: -0x7ffeffef
14:13:25.218 [INFO] Loading saved settings...
14:13:25.228 [DEBUG] loadSettings: Opening ux0:data/VitaSuwayomi/settings.json
14:13:25.240 [DEBUG] loadSettings: File size = 1844
14:13:25.259 [DEBUG] loadSettings: Read 1844 bytes
14:13:25.266 [INFO] loadSettings: serverUrl=https://breezy-book.duckdns.org
14:13:25.271 [DEBUG] Loaded 4 hidden categories
14:13:25.276 [INFO] loadSettings: downloadMode = 2 (0=Server, 1=Local, 2=Both)
14:13:25.286 [INFO] loadSettings: downloadQuality = 0 (0=Original, 1=High, 2=Medium, 3=Low)
14:13:25.295 [INFO] loadSettings: enabledSourceLanguages count = 2
14:13:25.306 [INFO] loadSettings: localUrl=Http://192.168.1.28:4568, remoteUrl=https://breezy-book.duckdns.org, useRemote=true, autoSwitch=true
14:13:25.317 [INFO] loadSettings: libraryDisplayMode=0, libraryGridSize=1, listRowSize=1, defaultSort=0, groupMode=0
14:13:25.328 [DEBUG] Loaded 1 per-category sort modes
14:13:25.335 [DEBUG] Loaded 0 search history entries
14:13:25.341 [DEBUG] Loaded 1 per-manga reader settings
14:13:25.347 [INFO] Restored auth credentials for user: Breezyslasher
14:13:25.355 [INFO] Settings loaded successfully
14:13:25.364 [INFO] Settings load result: success
14:13:25.375 [INFO] Applied theme: Dark
14:13:25.386 [INFO] Debug logging disabled
14:13:25.400 [INFO] LibraryCache: Initialized at ux0:data/VitaSuwayomi/cache
14:13:25.405 [INFO] Application::run - isConnected=false, serverUrl=https://breezy-book.duckdns.org
14:13:25.410 [INFO] Restoring saved connection...
14:13:25.416 [INFO] Fetching server info via GraphQL...
14:13:25.688 [INFO] Server (GraphQL): Suwayomi-Server vv2.1.2087
14:13:25.697 [INFO] Server reachable, validating auth with protected query...
14:13:25.962 [WARNING] GraphQL errors: [{"message":"Exception while fetching data (/categories) : Unauthorized\r\n\r\nsuwayomi.tachidesk.server.user.UnauthorizedException: Unauthorized\n\tat suwayomi.tachidesk.server.user.UserTypeKt.requir
14:13:25.973 [INFO] GraphQL returned Unauthorized, attempting token refresh...
14:13:25.984 [INFO] No refresh token available, skipping GraphQL refresh
14:13:25.992 [INFO] Attempting re-login with stored credentials...
14:13:26.331 [INFO] Login successful, received JWT tokens
14:13:26.337 [INFO] Re-login successful, tokens refreshed
14:13:26.345 [INFO] Token refreshed successfully, retrying GraphQL request
14:13:26.611 [INFO] validateAuthWithProtectedQuery: auth validated successfully
14:13:26.620 [INFO] Auth validated with protected query
14:13:26.632 [INFO] Connection restored successfully
14:13:26.748 [INFO] MainActivity: Tabs created, isOnline=false
14:13:26.922 [INFO] RecyclingGrid: Grid size set to 6 columns, cell 143x200
14:13:26.936 [INFO] LibrarySectionTab: Loaded 13 categories from cache
14:13:27.093 [INFO] LibrarySectionTab: Loaded 10 manga from cache for category 1
14:13:27.105 [INFO] RecyclingGrid: Building 2 rows for 10 items (first 2 immediate)
14:13:27.164 [INFO] ImageLoader: Starting 3 worker threads
14:13:27.693 [INFO] GraphQL: Fetching manga for category 1 with filter
14:13:27.694 [INFO] GraphQL: Fetching categories + manga for category 0 in single request
14:13:28.154 [INFO] LibrarySectionTab: Combined query got 13 categories + 0 manga
14:13:28.163 [INFO] GraphQL: Fetched 10 manga for category 1 (filter method)
14:13:28.172 [INFO] LibrarySectionTab: Got 10 manga for category 1 from server
14:13:31.470 [INFO] RecyclingGrid: Grid size set to 6 columns, cell 143x200
14:13:32.398 [INFO] SearchTab: Got 85 sources
